<?xml version="1.0" encoding="UTF-8"?>
<!-- Generated by org.testng.reporters.JUnitReportReporter -->
<testsuite skipped="0" hostname="EMB-BAN-168" name="com.qa.testcases.TestAddWishlist" tests="3" failures="0" timestamp="25 Jul 2018 11:23:10 GMT" time="116.266" errors="0">
  <testcase name="AddToWishlistQuickviewLogin" time="35.999" classname="com.qa.testcases.TestAddWishlist"/>
  <testcase name="AddToWishlistPLP" time="39.245" classname="com.qa.testcases.TestAddWishlist"/>
  <testcase name="AddToWishlistPDP" time="41.022" classname="com.qa.testcases.TestAddWishlist"/>
</testsuite> <!-- com.qa.testcases.TestAddWishlist -->
