<?xml version="1.0" encoding="UTF-8"?>
<!-- Generated by org.testng.reporters.JUnitReportReporter -->
<testsuite skipped="0" hostname="EMB-BAN-168" name="com.qa.testcases.TestBannerClick" tests="1" failures="0" timestamp="26 Jul 2018 13:19:36 GMT" time="12.184" errors="0">
  <testcase name="BannerclickLookBook" time="12.184" classname="com.qa.testcases.TestBannerClick"/>
</testsuite> <!-- com.qa.testcases.TestBannerClick -->
