<?xml version="1.0" encoding="UTF-8"?>
<!-- Generated by org.testng.reporters.JUnitReportReporter -->
<testsuite skipped="0" hostname="EMB-BAN-168" name="com.qa.testcases.TestCswLogin" tests="5" failures="0" timestamp="26 Jul 2018 08:42:25 GMT" time="77.286" errors="0">
  <testcase name="coverStoryEmailLogin" time="9.306" classname="com.qa.testcases.TestCswLogin"/>
  <testcase name="coverStoryPhoneLogin" time="10.291" classname="com.qa.testcases.TestCswLogin"/>
  <testcase name="coverStorygoogleplusLogin" time="25.295" classname="com.qa.testcases.TestCswLogin"/>
  <testcase name="coverStoryFacebookLogin" time="21.034" classname="com.qa.testcases.TestCswLogin"/>
  <testcase name="coverStoryOTPLogin" time="11.360" classname="com.qa.testcases.TestCswLogin"/>
</testsuite> <!-- com.qa.testcases.TestCswLogin -->
