<?xml version="1.0" encoding="UTF-8"?>
<!-- Generated by org.testng.reporters.JUnitReportReporter -->
<testsuite skipped="0" hostname="EMB-BAN-168" name="com.qa.testcases.TestPlaceOrder" tests="1" failures="0" timestamp="25 Jul 2018 11:13:16 GMT" time="148.757" errors="0">
  <testcase name="OrderPlaceCheckout" time="148.757" classname="com.qa.testcases.TestPlaceOrder"/>
</testsuite> <!-- com.qa.testcases.TestPlaceOrder -->
