<?xml version="1.0" encoding="UTF-8"?>
<!-- Generated by org.testng.reporters.JUnitReportReporter -->
<testsuite skipped="0" hostname="EMB-BAN-168" name="com.qa.testcases.TestCswLogin" tests="5" failures="0" timestamp="23 Jul 2018 13:20:37 GMT" time="157.946" errors="0">
  <testcase name="coverStoryEmailLogin" time="25.543" classname="com.qa.testcases.TestCswLogin"/>
  <testcase name="coverStoryPhoneLogin" time="23.935" classname="com.qa.testcases.TestCswLogin"/>
  <testcase name="coverStorygoogleplusLogin" time="42.004" classname="com.qa.testcases.TestCswLogin"/>
  <testcase name="coverStoryFacebookLogin" time="45.179" classname="com.qa.testcases.TestCswLogin"/>
  <testcase name="coverStoryOTPLogin" time="21.285" classname="com.qa.testcases.TestCswLogin"/>
</testsuite> <!-- com.qa.testcases.TestCswLogin -->
