<?xml version="1.0" encoding="UTF-8"?>
<!-- Generated by org.testng.reporters.JUnitReportReporter -->
<testsuite skipped="0" hostname="EMB-BAN-168" name="com.qa.testcases.TestAddCart" tests="1" failures="0" timestamp="25 Jul 2018 12:38:39 GMT" time="59.167" errors="0">
  <testcase name="RemoveFromMinicart" time="59.167" classname="com.qa.testcases.TestAddCart"/>
</testsuite> <!-- com.qa.testcases.TestAddCart -->
