<?xml version="1.0" encoding="UTF-8"?>
<!-- Generated by org.testng.reporters.JUnitReportReporter -->
<testsuite skipped="0" hostname="EMB-BAN-168" name="com.qa.testcases.TestAddWishlist" tests="3" failures="0" timestamp="23 Jul 2018 13:20:37 GMT" time="138.089" errors="0">
  <testcase name="AddToWishlistQuickviewLogin" time="52.604" classname="com.qa.testcases.TestAddWishlist"/>
  <testcase name="AddToWishlistPLP" time="41.939" classname="com.qa.testcases.TestAddWishlist"/>
  <testcase name="AddToWishlistPDP" time="43.546" classname="com.qa.testcases.TestAddWishlist"/>
</testsuite> <!-- com.qa.testcases.TestAddWishlist -->
