<?xml version="1.0" encoding="UTF-8"?>
<!-- Generated by org.testng.reporters.JUnitReportReporter -->
<testsuite skipped="0" hostname="EMB-BAN-168" name="com.qa.testcases.TestAccount" tests="4" failures="0" timestamp="26 Jul 2018 09:00:13 GMT" time="30.458" errors="0">
  <testcase name="MyAccountInfo" time="15.480" classname="com.qa.testcases.TestAccount"/>
  <testcase name="MyAccountChangePassword" time="0.567" classname="com.qa.testcases.TestAccount"/>
  <testcase name="MyAccountOrderPage" time="1.532" classname="com.qa.testcases.TestAccount"/>
  <testcase name="MyAccountSaveAddressPage" time="12.879" classname="com.qa.testcases.TestAccount"/>
</testsuite> <!-- com.qa.testcases.TestAccount -->
