<?xml version="1.0" encoding="UTF-8"?>
<!-- Generated by org.testng.reporters.JUnitReportReporter -->
<testsuite skipped="0" hostname="EMB-BAN-168" name="com.qa.testcases.TestSearch$TestAccount" tests="1" failures="0" timestamp="20 Jul 2018 10:43:48 GMT" time="16.004" errors="0">
  <testcase name="searchWithLogin" time="16.004" classname="com.qa.testcases.TestSearch$TestAccount"/>
</testsuite> <!-- com.qa.testcases.TestSearch$TestAccount -->
