<?xml version="1.0" encoding="UTF-8"?>
<!-- Generated by org.testng.reporters.JUnitReportReporter -->
<testsuite skipped="0" hostname="EMB-BAN-168" name="com.qa.testcases.TestSearch$TestAccount" tests="1" failures="0" timestamp="23 Jul 2018 13:20:37 GMT" time="53.817" errors="0">
  <testcase name="searchWithLogin" time="53.817" classname="com.qa.testcases.TestSearch$TestAccount"/>
</testsuite> <!-- com.qa.testcases.TestSearch$TestAccount -->
