<?xml version="1.0" encoding="UTF-8"?>
<!-- Generated by org.testng.reporters.JUnitReportReporter -->
<testsuite skipped="0" hostname="EMB-BAN-168" name="com.qa.testcases.TestAddWishlist" tests="4" failures="0" timestamp="20 Jul 2018 10:43:48 GMT" time="135.595" errors="0">
  <testcase name="AddToWishlistQuickview" time="28.185" classname="com.qa.testcases.TestAddWishlist"/>
  <testcase name="AddToWishlistQuickviewLogin" time="29.841" classname="com.qa.testcases.TestAddWishlist"/>
  <testcase name="AddToWishlistPLP" time="39.363" classname="com.qa.testcases.TestAddWishlist"/>
  <testcase name="AddToWishlistPDP" time="38.206" classname="com.qa.testcases.TestAddWishlist"/>
</testsuite> <!-- com.qa.testcases.TestAddWishlist -->
