<?xml version="1.0" encoding="UTF-8"?>
<!-- Generated by org.testng.reporters.JUnitReportReporter -->
<testsuite skipped="0" hostname="EMB-BAN-168" name="com.qa.testcases.TestAddCart" tests="1" failures="0" timestamp="24 Jul 2018 09:32:19 GMT" time="35.258" errors="0">
  <testcase name="RemoveFromCart" time="35.258" classname="com.qa.testcases.TestAddCart"/>
</testsuite> <!-- com.qa.testcases.TestAddCart -->
