<?xml version="1.0" encoding="UTF-8"?>
<!-- Generated by org.testng.reporters.JUnitReportReporter -->
<testsuite skipped="0" hostname="EMB-BAN-168" name="com.qa.testcases.TestBannerClick" tests="2" failures="0" timestamp="23 Jul 2018 13:20:37 GMT" time="41.977" errors="0">
  <testcase name="Banner" time="6.082" classname="com.qa.testcases.TestBannerClick"/>
  <testcase name="BannerclickWithLogin" time="35.895" classname="com.qa.testcases.TestBannerClick"/>
</testsuite> <!-- com.qa.testcases.TestBannerClick -->
