<?xml version="1.0" encoding="UTF-8"?>
<!-- Generated by org.testng.reporters.JUnitReportReporter -->
<testsuite skipped="0" hostname="EMB-BAN-168" name="com.qa.testcases.TestAddWishlist" tests="1" failures="0" timestamp="26 Jul 2018 11:06:56 GMT" time="45.004" errors="0">
  <testcase name="AddToWishlistQuickviewLogin" time="45.004" classname="com.qa.testcases.TestAddWishlist"/>
</testsuite> <!-- com.qa.testcases.TestAddWishlist -->
