<?xml version="1.0" encoding="UTF-8"?>
<!-- Generated by org.testng.reporters.JUnitReportReporter -->
<testsuite skipped="0" hostname="EMB-BAN-168" name="com.qa.testcases.TestAccount" tests="4" failures="0" timestamp="25 Jul 2018 13:44:08 GMT" time="50.142" errors="0">
  <testcase name="MyAccountInfo" time="29.489" classname="com.qa.testcases.TestAccount"/>
  <testcase name="MyAccountChangePassword" time="1.545" classname="com.qa.testcases.TestAccount"/>
  <testcase name="MyAccountOrderPage" time="3.278" classname="com.qa.testcases.TestAccount"/>
  <testcase name="MyAccountSaveAddressPage" time="15.830" classname="com.qa.testcases.TestAccount"/>
</testsuite> <!-- com.qa.testcases.TestAccount -->
