<?xml version="1.0" encoding="UTF-8"?>
<!-- Generated by org.testng.reporters.JUnitReportReporter -->
<testsuite skipped="0" hostname="EMB-BAN-168" name="com.qa.testcases.TestForgotPassword" tests="2" failures="0" timestamp="26 Jul 2018 13:54:13 GMT" time="43.763" errors="0">
  <testcase name="coverStoryForgotPassword" time="17.787" classname="com.qa.testcases.TestForgotPassword"/>
  <testcase name="coverStoryCheckoutForgotPassword" time="25.976" classname="com.qa.testcases.TestForgotPassword"/>
</testsuite> <!-- com.qa.testcases.TestForgotPassword -->
