<?xml version="1.0" encoding="UTF-8"?>
<!-- Generated by org.testng.reporters.JUnitReportReporter -->
<testsuite skipped="0" hostname="EMB-BAN-168" name="com.qa.testcases.TestSearch$TestAccount" tests="1" failures="0" timestamp="26 Jul 2018 08:42:25 GMT" time="10.859" errors="0">
  <testcase name="searchWithLogin" time="10.859" classname="com.qa.testcases.TestSearch$TestAccount"/>
</testsuite> <!-- com.qa.testcases.TestSearch$TestAccount -->
