<?xml version="1.0" encoding="UTF-8"?>
<!-- Generated by org.testng.reporters.JUnitReportReporter -->
<testsuite skipped="0" hostname="EMB-BAN-168" name="com.qa.testcases.TestBannerClick" tests="2" failures="0" timestamp="20 Jul 2018 10:43:48 GMT" time="22.363" errors="0">
  <testcase name="Banner" time="4.835" classname="com.qa.testcases.TestBannerClick"/>
  <testcase name="BannerclickWithLogin" time="17.528" classname="com.qa.testcases.TestBannerClick"/>
</testsuite> <!-- com.qa.testcases.TestBannerClick -->
